<?xml version="1.0" encoding="UTF-8"?>
<!-- Generated by org.testng.reporters.JUnitXMLReporter -->
<testsuite ignored="0" hostname="DESKTOP-LHNGHA8" failures="0" tests="1" name="RegisterationTest" time="0.15" errors="0" timestamp="2024-07-25T00:11:39 IST">
  <testcase classname="com.myapp.tests.BaseTest" name="@BeforeMethod setup" time="0.007">
    <failure type="java.lang.NullPointerException" message="Cannot invoke &amp;quot;java.util.Properties.getProperty(String)&amp;quot; because &amp;quot;this.prop&amp;quot; is null">
      <![CDATA[java.lang.NullPointerException: Cannot invoke "java.util.Properties.getProperty(String)" because "this.prop" is null
at com.myapp.tests.BaseTest.setup(BaseTest.java:29)
at java.base/java.util.ArrayList.forEach(ArrayList.java:1511)
at java.base/java.util.concurrent.FutureTask.run(FutureTask.java:264)
at java.base/java.util.concurrent.ThreadPoolExecutor.runWorker(ThreadPoolExecutor.java:1136)
at java.base/java.util.concurrent.ThreadPoolExecutor$Worker.run(ThreadPoolExecutor.java:635)
at java.base/java.lang.Thread.run(Thread.java:833)
... Removed 21 stack frames]]>
    </failure>
  </testcase> <!-- @BeforeMethod setup -->
  <testcase classname="com.myapp.tests.BaseTest" name="@AfterMethod tearDown" time="0.0">
    <skipped/>
  </testcase> <!-- @AfterMethod tearDown -->
  <testcase classname="com.myapp.tests.RegisterUserTest" name="registerUser" time="0.001">
    <skipped/>
  </testcase> <!-- registerUser -->
</testsuite> <!-- RegisterationTest -->
