<?xml version="1.0" encoding="UTF-8"?>
<!-- Generated by org.testng.reporters.JUnitXMLReporter -->
<testsuite ignored="0" hostname="PMAHAJA2-M-M4GK" failures="0" tests="1" name="Test" time="0.075" errors="0" timestamp="2024-07-07T00:51:18 IST">
  <testcase classname="com.myapp.tests.BaseTest" name="@BeforeMethod setup" time="0.006">
    <failure type="java.lang.NullPointerException" message="Cannot invoke &amp;quot;java.util.Properties.getProperty(String)&amp;quot; because &amp;quot;this.prop&amp;quot; is null">
      <![CDATA[java.lang.NullPointerException: Cannot invoke "java.util.Properties.getProperty(String)" because "this.prop" is null
at com.myapp.tests.BaseTest.setup(BaseTest.java:27)
at java.base/java.util.ArrayList.forEach(ArrayList.java:1511)
... Removed 29 stack frames]]>
    </failure>
  </testcase> <!-- @BeforeMethod setup -->
  <testcase classname="com.myapp.tests.BaseTest" name="@AfterMethod tearDown" time="0.0">
    <skipped/>
  </testcase> <!-- @AfterMethod tearDown -->
  <testcase classname="com.myapp.tests.RegisterUserTest" name="registerUser" time="0.0">
    <skipped/>
  </testcase> <!-- registerUser -->
</testsuite> <!-- Test -->
